<?xml version="1.0" encoding="UTF-8"?>
<!-- Generated by org.testng.reporters.JUnitReportReporter -->
<testsuite hostname="DESKTOP-G2OF9J2" failures="0" tests="5" name="Testcase.Testsuite1" time="30.751" errors="0" timestamp="2023-05-12T15:49:38 IST" skipped="4">
  <testcase classname="Testcase.Testsuite1" name="test5" time="30.751"/>
  <system-out/>
  <testcase classname="Testcase.Testsuite1" name="test4">
    <skipped/>
  </testcase> <!-- test4 -->
  <system-out/>
  <testcase classname="Testcase.Testsuite1" name="test3">
    <skipped/>
  </testcase> <!-- test3 -->
  <system-out/>
  <testcase classname="Testcase.Testsuite1" name="test2">
    <skipped/>
  </testcase> <!-- test2 -->
  <system-out/>
  <testcase classname="Testcase.Testsuite1" name="test1">
    <skipped/>
  </testcase> <!-- test1 -->
  <system-out/>
</testsuite> <!-- Testcase.Testsuite1 -->
