<?xml version="1.0" encoding="UTF-8"?>
<!-- Generated by org.testng.reporters.JUnitReportReporter -->
<testsuite hostname="DESKTOP-G2OF9J2" failures="0" tests="2" name="Testcase.Testsuite1" time="38.363" errors="0" timestamp="2023-08-26T10:11:53 IST" skipped="0">
  <testcase classname="Testcase.Testsuite1" name="Login_standard_user" time="18.977"/>
  <system-out/>
  <testcase classname="Testcase.Testsuite1" name="Login_locked_user" time="19.386"/>
  <system-out/>
</testsuite> <!-- Testcase.Testsuite1 -->
