<?xml version="1.0" encoding="UTF-8"?>
<!-- Generated by org.testng.reporters.JUnitReportReporter -->
<testsuite hostname="DESKTOP-G2OF9J2" failures="0" tests="1" name="Testcase.Testsuite1" time="16.350" errors="0" timestamp="2023-04-19T00:20:44 IST" skipped="0">
  <testcase classname="Testcase.Testsuite1" name="test1" time="16.350"/>
  <system-out/>
</testsuite> <!-- Testcase.Testsuite1 -->
