<?xml version="1.0" encoding="UTF-8"?>
<!-- Generated by org.testng.reporters.JUnitReportReporter -->
<testsuite hostname="DESKTOP-G2OF9J2" failures="0" tests="3" name="Testcase.Testsuite1" time="83.554" errors="0" timestamp="2023-04-27T15:05:12 IST" skipped="2">
  <testcase classname="Testcase.Testsuite1" name="test3" time="83.554"/>
  <system-out/>
  <testcase classname="Testcase.Testsuite1" name="test1">
    <skipped/>
  </testcase> <!-- test1 -->
  <system-out/>
  <testcase classname="Testcase.Testsuite1" name="test2">
    <skipped/>
  </testcase> <!-- test2 -->
  <system-out/>
</testsuite> <!-- Testcase.Testsuite1 -->
